mode: set
github.com/arvph/GoMatrixLib/matrix/matrix.go:64.43,65.26 1 1
github.com/arvph/GoMatrixLib/matrix/matrix.go:65.26,67.3 1 0
github.com/arvph/GoMatrixLib/matrix/matrix.go:69.2,70.24 2 1
github.com/arvph/GoMatrixLib/matrix/matrix.go:70.24,72.3 1 1
github.com/arvph/GoMatrixLib/matrix/matrix.go:73.2,77.8 1 1
github.com/arvph/GoMatrixLib/matrix/matrix.go:81.46,82.14 1 1
github.com/arvph/GoMatrixLib/matrix/matrix.go:82.14,84.3 1 0
github.com/arvph/GoMatrixLib/matrix/matrix.go:85.2,86.24 2 1
github.com/arvph/GoMatrixLib/matrix/matrix.go:86.24,88.3 1 1
github.com/arvph/GoMatrixLib/matrix/matrix.go:90.2,94.26 1 1
github.com/arvph/GoMatrixLib/matrix/matrix.go:98.44,99.22 1 1
github.com/arvph/GoMatrixLib/matrix/matrix.go:99.22,101.3 1 0
github.com/arvph/GoMatrixLib/matrix/matrix.go:102.2,103.16 2 1
github.com/arvph/GoMatrixLib/matrix/matrix.go:103.16,105.3 1 0
github.com/arvph/GoMatrixLib/matrix/matrix.go:107.2,107.39 1 1
github.com/arvph/GoMatrixLib/matrix/matrix.go:107.39,108.40 1 1
github.com/arvph/GoMatrixLib/matrix/matrix.go:108.40,110.18 2 1
github.com/arvph/GoMatrixLib/matrix/matrix.go:110.18,112.5 1 0
github.com/arvph/GoMatrixLib/matrix/matrix.go:113.4,113.36 1 1
github.com/arvph/GoMatrixLib/matrix/matrix.go:116.2,119.12 4 1
github.com/arvph/GoMatrixLib/matrix/matrix.go:123.44,124.22 1 1
github.com/arvph/GoMatrixLib/matrix/matrix.go:124.22,126.3 1 1
github.com/arvph/GoMatrixLib/matrix/matrix.go:127.2,129.38 2 1
github.com/arvph/GoMatrixLib/matrix/matrix.go:129.38,131.3 1 0
github.com/arvph/GoMatrixLib/matrix/matrix.go:133.2,134.12 2 1
github.com/arvph/GoMatrixLib/matrix/matrix.go:138.27,139.27 1 1
github.com/arvph/GoMatrixLib/matrix/matrix.go:139.27,140.31 1 1
github.com/arvph/GoMatrixLib/matrix/matrix.go:140.31,142.4 1 1
github.com/arvph/GoMatrixLib/matrix/matrix.go:144.2,146.17 3 1
github.com/arvph/GoMatrixLib/matrix/matrix.go:152.44,153.30 1 1
github.com/arvph/GoMatrixLib/matrix/matrix.go:153.30,155.3 1 0
github.com/arvph/GoMatrixLib/matrix/matrix.go:157.2,157.62 1 1
github.com/arvph/GoMatrixLib/matrix/matrix.go:157.62,159.3 1 1
github.com/arvph/GoMatrixLib/matrix/matrix.go:161.2,161.31 1 1
github.com/arvph/GoMatrixLib/matrix/matrix.go:161.31,162.32 1 1
github.com/arvph/GoMatrixLib/matrix/matrix.go:162.32,164.18 2 1
github.com/arvph/GoMatrixLib/matrix/matrix.go:164.18,166.5 1 0
github.com/arvph/GoMatrixLib/matrix/matrix.go:167.4,167.31 1 1
github.com/arvph/GoMatrixLib/matrix/matrix.go:167.31,169.5 1 1
github.com/arvph/GoMatrixLib/matrix/matrix.go:172.2,172.13 1 1
github.com/arvph/GoMatrixLib/matrix/matrix.go:176.54,177.14 1 0
github.com/arvph/GoMatrixLib/matrix/matrix.go:177.14,179.3 1 0
github.com/arvph/GoMatrixLib/matrix/matrix.go:181.2,182.9 2 0
github.com/arvph/GoMatrixLib/matrix/matrix.go:182.9,184.3 1 0
github.com/arvph/GoMatrixLib/matrix/matrix.go:186.2,186.14 1 0
github.com/arvph/GoMatrixLib/matrix/matrix.go:186.14,188.3 1 0
github.com/arvph/GoMatrixLib/matrix/matrix.go:190.2,190.46 1 0
github.com/arvph/GoMatrixLib/matrix/matrix.go:190.46,192.3 1 0
github.com/arvph/GoMatrixLib/matrix/matrix.go:194.2,195.24 2 0
github.com/arvph/GoMatrixLib/matrix/matrix.go:195.24,197.32 2 0
github.com/arvph/GoMatrixLib/matrix/matrix.go:197.32,199.4 1 0
github.com/arvph/GoMatrixLib/matrix/matrix.go:202.2,206.8 1 0
github.com/arvph/GoMatrixLib/matrix/matrix.go:210.59,211.14 1 0
github.com/arvph/GoMatrixLib/matrix/matrix.go:211.14,213.3 1 0
github.com/arvph/GoMatrixLib/matrix/matrix.go:215.2,216.9 2 0
github.com/arvph/GoMatrixLib/matrix/matrix.go:216.9,218.3 1 0
github.com/arvph/GoMatrixLib/matrix/matrix.go:220.2,220.14 1 0
github.com/arvph/GoMatrixLib/matrix/matrix.go:220.14,222.3 1 0
github.com/arvph/GoMatrixLib/matrix/matrix.go:224.2,224.46 1 0
github.com/arvph/GoMatrixLib/matrix/matrix.go:224.46,226.3 1 0
github.com/arvph/GoMatrixLib/matrix/matrix.go:228.2,229.24 2 0
github.com/arvph/GoMatrixLib/matrix/matrix.go:229.24,231.32 2 0
github.com/arvph/GoMatrixLib/matrix/matrix.go:231.32,233.4 1 0
github.com/arvph/GoMatrixLib/matrix/matrix.go:236.2,240.8 1 0
github.com/arvph/GoMatrixLib/matrix/matrix.go:244.59,245.14 1 0
github.com/arvph/GoMatrixLib/matrix/matrix.go:245.14,247.3 1 0
github.com/arvph/GoMatrixLib/matrix/matrix.go:249.2,250.9 2 0
github.com/arvph/GoMatrixLib/matrix/matrix.go:250.9,252.3 1 0
github.com/arvph/GoMatrixLib/matrix/matrix.go:253.2,253.14 1 0
github.com/arvph/GoMatrixLib/matrix/matrix.go:253.14,255.3 1 0
github.com/arvph/GoMatrixLib/matrix/matrix.go:257.2,257.24 1 0
github.com/arvph/GoMatrixLib/matrix/matrix.go:257.24,259.3 1 0
github.com/arvph/GoMatrixLib/matrix/matrix.go:262.2,263.24 2 0
github.com/arvph/GoMatrixLib/matrix/matrix.go:263.24,265.32 2 0
github.com/arvph/GoMatrixLib/matrix/matrix.go:265.32,266.33 1 0
github.com/arvph/GoMatrixLib/matrix/matrix.go:266.33,268.5 1 0
github.com/arvph/GoMatrixLib/matrix/matrix.go:272.2,276.8 1 0
github.com/arvph/GoMatrixLib/matrix/matrix.go:280.65,281.14 1 0
github.com/arvph/GoMatrixLib/matrix/matrix.go:281.14,283.3 1 0
github.com/arvph/GoMatrixLib/matrix/matrix.go:285.2,286.24 2 0
github.com/arvph/GoMatrixLib/matrix/matrix.go:286.24,288.32 2 0
github.com/arvph/GoMatrixLib/matrix/matrix.go:288.32,290.4 1 0
github.com/arvph/GoMatrixLib/matrix/matrix.go:293.2,297.8 1 0
github.com/arvph/GoMatrixLib/matrix/matrix.go:301.62,302.18 1 1
github.com/arvph/GoMatrixLib/matrix/matrix.go:302.18,304.3 1 0
github.com/arvph/GoMatrixLib/matrix/matrix.go:304.8,304.71 1 1
github.com/arvph/GoMatrixLib/matrix/matrix.go:304.71,306.3 1 0
github.com/arvph/GoMatrixLib/matrix/matrix.go:307.2,307.35 1 1
github.com/arvph/GoMatrixLib/matrix/matrix.go:311.64,312.18 1 0
github.com/arvph/GoMatrixLib/matrix/matrix.go:312.18,314.3 1 0
github.com/arvph/GoMatrixLib/matrix/matrix.go:314.8,314.71 1 0
github.com/arvph/GoMatrixLib/matrix/matrix.go:314.71,316.3 1 0
github.com/arvph/GoMatrixLib/matrix/matrix.go:317.2,318.12 2 0
github.com/arvph/GoMatrixLib/matrix/matrix.go:322.39,324.22 1 0
github.com/arvph/GoMatrixLib/matrix/matrix.go:324.22,327.3 2 0
github.com/arvph/GoMatrixLib/matrix/matrix.go:329.2,330.32 2 0
github.com/arvph/GoMatrixLib/matrix/matrix.go:330.32,331.29 1 0
github.com/arvph/GoMatrixLib/matrix/matrix.go:331.29,333.37 1 0
github.com/arvph/GoMatrixLib/matrix/matrix.go:333.37,335.5 1 0
github.com/arvph/GoMatrixLib/matrix/matrix.go:337.4,337.34 1 0
github.com/arvph/GoMatrixLib/matrix/matrix.go:337.34,339.5 1 0
github.com/arvph/GoMatrixLib/matrix/matrix.go:343.2,343.27 1 0
github.com/arvph/GoMatrixLib/matrix/matrix.go:343.27,344.38 1 0
github.com/arvph/GoMatrixLib/matrix/matrix.go:344.38,346.4 1 0
github.com/arvph/GoMatrixLib/matrix/matrix.go:347.3,347.16 1 0
github.com/arvph/GoMatrixLib/matrix/matrix.go:351.33,353.2 1 1
github.com/arvph/GoMatrixLib/matrix/matrix.go:356.32,358.2 1 1
github.com/arvph/GoMatrixLib/matrix/matrix.go:361.32,363.2 1 1
github.com/arvph/GoMatrixLib/matrix/matrix.go:366.39,368.2 1 1
github.com/arvph/GoMatrixLib/matrix/matrix.go:371.36,372.31 1 1
github.com/arvph/GoMatrixLib/matrix/matrix.go:372.31,373.32 1 1
github.com/arvph/GoMatrixLib/matrix/matrix.go:373.32,375.4 1 1
github.com/arvph/GoMatrixLib/matrix/matrix.go:377.2,377.12 1 1
github.com/arvph/GoMatrixLib/matrix/matrix.go:380.33,382.2 1 1
github.com/arvph/GoMatrixLib/matrix/matrix.go:385.40,387.2 1 0
